#
# There is insufficient memory for the Java Runtime Environment to continue.
# Native memory allocation (malloc) failed to allocate 262160 bytes for Chunk::new
# Possible reasons:
#   The system is out of physical RAM or swap space
#   In 32 bit mode, the process size limit was hit
# Possible solutions:
#   Reduce memory load on the system
#   Increase physical memory or swap space
#   Check if swap backing store is full
#   Use 64 bit Java on a 64 bit OS
#   Decrease Java heap size (-Xmx/-Xms)
#   Decrease number of Java threads
#   Decrease Java thread stack sizes (-Xss)
#   Set larger code cache with -XX:ReservedCodeCacheSize=
# This output file may be truncated or incomplete.
#
#  Out of Memory Error (allocation.cpp:390), pid=12140, tid=0x0000000000002704
#
# JRE version: Java(TM) SE Runtime Environment (8.0_144-b01) (build 1.8.0_144-b01)
# Java VM: Java HotSpot(TM) 64-Bit Server VM (25.144-b01 mixed mode windows-amd64 compressed oops)
# Failed to write core dump. Minidumps are not enabled by default on client versions of Windows
#

---------------  T H R E A D  ---------------

Current thread (0x00000000164ac800):  JavaThread "C2 CompilerThread1" daemon [_thread_in_native, id=9988, stack(0x00000000180d0000,0x00000000181d0000)]

Stack: [0x00000000180d0000,0x00000000181d0000]
[error occurred during error reporting (printing stack bounds), id 0xc0000005]

Native frames: (J=compiled Java code, j=interpreted, Vv=VM code, C=native code)


Current CompileTask:
C2:  21638 4993       4       org.springframework.core.ResolvableType::forType (115 bytes)


---------------  P R O C E S S  ---------------

Java Threads: ( => current thread )
  0x0000000017b95000 JavaThread "Service Thread" daemon [_thread_blocked, id=18188, stack(0x00000000182d0000,0x00000000183d0000)]
  0x00000000164b0800 JavaThread "C1 CompilerThread2" daemon [_thread_blocked, id=16768, stack(0x00000000181d0000,0x00000000182d0000)]
=>0x00000000164ac800 JavaThread "C2 CompilerThread1" daemon [_thread_in_native, id=9988, stack(0x00000000180d0000,0x00000000181d0000)]
  0x00000000164a9800 JavaThread "C2 CompilerThread0" daemon [_thread_in_native, id=13028, stack(0x0000000017fd0000,0x00000000180d0000)]
  0x00000000164a0000 JavaThread "Monitor Ctrl-Break" daemon [_thread_in_native, id=13252, stack(0x0000000017ed0000,0x0000000017fd0000)]
  0x000000001646a000 JavaThread "Attach Listener" daemon [_thread_blocked, id=16372, stack(0x00000000179d0000,0x0000000017ad0000)]
  0x0000000016468800 JavaThread "Signal Dispatcher" daemon [_thread_blocked, id=240, stack(0x00000000178d0000,0x00000000179d0000)]
  0x0000000002a2e800 JavaThread "Finalizer" daemon [_thread_blocked, id=10928, stack(0x00000000176d0000,0x00000000177d0000)]
  0x0000000016428800 JavaThread "Reference Handler" daemon [_thread_blocked, id=14288, stack(0x00000000175d0000,0x00000000176d0000)]
  0x0000000002934000 JavaThread "main" [_thread_in_Java, id=16924, stack(0x00000000027a0000,0x00000000028a0000)]

Other Threads:
  0x0000000016427000 VMThread [stack: 0x00000000174d0000,0x00000000175d0000] [id=2284]
  0x0000000017c62800 WatcherThread [stack: 0x00000000183d0000,0x00000000184d0000] [id=16396]

VM state:not at safepoint (normal execution)

VM Mutex/Monitor currently owned by a thread: None

Heap:
 PSYoungGen      total 148480K, used 111579K [0x00000000e0580000, 0x00000000e9f00000, 0x0000000100000000)
  eden space 142848K, 74% used [0x00000000e0580000,0x00000000e6ded078,0x00000000e9100000)
  from space 5632K, 82% used [0x00000000e9980000,0x00000000e9e09eb0,0x00000000e9f00000)
  to   space 7168K, 0% used [0x00000000e9100000,0x00000000e9100000,0x00000000e9800000)
 ParOldGen       total 69120K, used 19264K [0x00000000a1000000, 0x00000000a5380000, 0x00000000e0580000)
  object space 69120K, 27% used [0x00000000a1000000,0x00000000a22d0320,0x00000000a5380000)
 Metaspace       used 45103K, capacity 47420K, committed 47616K, reserved 1089536K
  class space    used 6177K, capacity 6569K, committed 6656K, reserved 1048576K

Card table byte_map: [0x0000000011f40000,0x0000000012240000] byte_map_base: 0x0000000011a38000

Marking Bits: (ParMarkBitMap*) 0x000000005348d850
 Begin Bits: [0x0000000012840000, 0x0000000014000000)
 End Bits:   [0x0000000014000000, 0x00000000157c0000)

Polling page: 0x0000000000e20000

CodeCache: size=245760Kb used=16368Kb max_used=16374Kb free=229392Kb
 bounds [0x0000000002b80000, 0x0000000003b90000, 0x0000000011b80000]
 total_blobs=5054 nmethods=4588 adapters=378
 compilation: enabled

Compilation events (10 events):
Event: 21.559 Thread 0x00000000164b0800 nmethod 4994 0x0000000003b86dd0 code [0x0000000003b86f20, 0x0000000003b87030]
Event: 21.587 Thread 0x00000000164b0800 4995       3       org.springframework.beans.factory.support.AbstractAutowireCapableBeanFactory$$Lambda$532/1485129132::test (12 bytes)
Event: 21.587 Thread 0x00000000164b0800 nmethod 4995 0x0000000003b71cd0 code [0x0000000003b71e40, 0x0000000003b72148]
Event: 21.587 Thread 0x00000000164b0800 4996       3       org.springframework.beans.factory.support.AbstractAutowireCapableBeanFactory::isExcludedFromDependencyCheck (40 bytes)
Event: 21.587 Thread 0x00000000164b0800 nmethod 4996 0x0000000003b89e50 code [0x0000000003b89fe0, 0x0000000003b8a418]
Event: 21.588 Thread 0x00000000164a9800 4997   !   4       org.springframework.core.annotation.AnnotatedElementUtils::searchWithFindSemantics (774 bytes)
Event: 21.592 Thread 0x00000000164b0800 4998       1       com.sun.org.apache.xalan.internal.utils.XMLSecurityManager$Limit::systemProperty (5 bytes)
Event: 21.593 Thread 0x00000000164b0800 nmethod 4998 0x0000000003b89b90 code [0x0000000003b89ce0, 0x0000000003b89df0]
Event: 21.635 Thread 0x00000000164b0800 5000       3       com.fasterxml.jackson.databind.type.ClassKey::<init> (29 bytes)
Event: 21.635 Thread 0x00000000164b0800 nmethod 5000 0x0000000003b8dc90 code [0x0000000003b8de20, 0x0000000003b8e258]

GC Heap History (10 events):
Event: 13.950 GC heap before
{Heap before GC invocations=14 (full 1):
 PSYoungGen      total 92672K, used 90717K [0x00000000e0580000, 0x00000000e7080000, 0x0000000100000000)
  eden space 86528K, 100% used [0x00000000e0580000,0x00000000e5a00000,0x00000000e5a00000)
  from space 6144K, 68% used [0x00000000e6000000,0x00000000e64177e8,0x00000000e6600000)
  to   space 6144K, 0% used [0x00000000e5a00000,0x00000000e5a00000,0x00000000e6000000)
 ParOldGen       total 44032K, used 10788K [0x00000000a1000000, 0x00000000a3b00000, 0x00000000e0580000)
  object space 44032K, 24% used [0x00000000a1000000,0x00000000a1a89380,0x00000000a3b00000)
 Metaspace       used 31482K, capacity 33150K, committed 33280K, reserved 1077248K
  class space    used 4167K, capacity 4490K, committed 4608K, reserved 1048576K
Event: 13.959 GC heap after
Heap after GC invocations=14 (full 1):
 PSYoungGen      total 92672K, used 2439K [0x00000000e0580000, 0x00000000e7f80000, 0x0000000100000000)
  eden space 86528K, 0% used [0x00000000e0580000,0x00000000e0580000,0x00000000e5a00000)
  from space 6144K, 39% used [0x00000000e5a00000,0x00000000e5c61d98,0x00000000e6000000)
  to   space 6144K, 0% used [0x00000000e7980000,0x00000000e7980000,0x00000000e7f80000)
 ParOldGen       total 44032K, used 12804K [0x00000000a1000000, 0x00000000a3b00000, 0x00000000e0580000)
  object space 44032K, 29% used [0x00000000a1000000,0x00000000a1c81380,0x00000000a3b00000)
 Metaspace       used 31482K, capacity 33150K, committed 33280K, reserved 1077248K
  class space    used 4167K, capacity 4490K, committed 4608K, reserved 1048576K
}
Event: 15.389 GC heap before
{Heap before GC invocations=15 (full 1):
 PSYoungGen      total 92672K, used 75752K [0x00000000e0580000, 0x00000000e7f80000, 0x0000000100000000)
  eden space 86528K, 84% used [0x00000000e0580000,0x00000000e4d18488,0x00000000e5a00000)
  from space 6144K, 39% used [0x00000000e5a00000,0x00000000e5c61d98,0x00000000e6000000)
  to   space 6144K, 0% used [0x00000000e7980000,0x00000000e7980000,0x00000000e7f80000)
 ParOldGen       total 44032K, used 12804K [0x00000000a1000000, 0x00000000a3b00000, 0x00000000e0580000)
  object space 44032K, 29% used [0x00000000a1000000,0x00000000a1c81380,0x00000000a3b00000)
 Metaspace       used 33570K, capacity 35386K, committed 35496K, reserved 1079296K
  class space    used 4428K, capacity 4782K, committed 4864K, reserved 1048576K
Event: 15.401 GC heap after
Heap after GC invocations=15 (full 1):
 PSYoungGen      total 117760K, used 3998K [0x00000000e0580000, 0x00000000e7f00000, 0x0000000100000000)
  eden space 112128K, 0% used [0x00000000e0580000,0x00000000e0580000,0x00000000e7300000)
  from space 5632K, 70% used [0x00000000e7980000,0x00000000e7d679e0,0x00000000e7f00000)
  to   space 6144K, 0% used [0x00000000e7300000,0x00000000e7300000,0x00000000e7900000)
 ParOldGen       total 44032K, used 14167K [0x00000000a1000000, 0x00000000a3b00000, 0x00000000e0580000)
  object space 44032K, 32% used [0x00000000a1000000,0x00000000a1dd5c38,0x00000000a3b00000)
 Metaspace       used 33570K, capacity 35386K, committed 35496K, reserved 1079296K
  class space    used 4428K, capacity 4782K, committed 4864K, reserved 1048576K
}
Event: 15.401 GC heap before
{Heap before GC invocations=16 (full 2):
 PSYoungGen      total 117760K, used 3998K [0x00000000e0580000, 0x00000000e7f00000, 0x0000000100000000)
  eden space 112128K, 0% used [0x00000000e0580000,0x00000000e0580000,0x00000000e7300000)
  from space 5632K, 70% used [0x00000000e7980000,0x00000000e7d679e0,0x00000000e7f00000)
  to   space 6144K, 0% used [0x00000000e7300000,0x00000000e7300000,0x00000000e7900000)
 ParOldGen       total 44032K, used 14167K [0x00000000a1000000, 0x00000000a3b00000, 0x00000000e0580000)
  object space 44032K, 32% used [0x00000000a1000000,0x00000000a1dd5c38,0x00000000a3b00000)
 Metaspace       used 33570K, capacity 35386K, committed 35496K, reserved 1079296K
  class space    used 4428K, capacity 4782K, committed 4864K, reserved 1048576K
Event: 15.476 GC heap after
Heap after GC invocations=16 (full 2):
 PSYoungGen      total 117760K, used 0K [0x00000000e0580000, 0x00000000e7f00000, 0x0000000100000000)
  eden space 112128K, 0% used [0x00000000e0580000,0x00000000e0580000,0x00000000e7300000)
  from space 5632K, 0% used [0x00000000e7980000,0x00000000e7980000,0x00000000e7f00000)
  to   space 6144K, 0% used [0x00000000e7300000,0x00000000e7300000,0x00000000e7900000)
 ParOldGen       total 69120K, used 14611K [0x00000000a1000000, 0x00000000a5380000, 0x00000000e0580000)
  object space 69120K, 21% used [0x00000000a1000000,0x00000000a1e44f40,0x00000000a5380000)
 Metaspace       used 33570K, capacity 35386K, committed 35496K, reserved 1079296K
  class space    used 4428K, capacity 4782K, committed 4864K, reserved 1048576K
}
Event: 17.677 GC heap before
{Heap before GC invocations=17 (full 2):
 PSYoungGen      total 117760K, used 112128K [0x00000000e0580000, 0x00000000e7f00000, 0x0000000100000000)
  eden space 112128K, 100% used [0x00000000e0580000,0x00000000e7300000,0x00000000e7300000)
  from space 5632K, 0% used [0x00000000e7980000,0x00000000e7980000,0x00000000e7f00000)
  to   space 6144K, 0% used [0x00000000e7300000,0x00000000e7300000,0x00000000e7900000)
 ParOldGen       total 69120K, used 14611K [0x00000000a1000000, 0x00000000a5380000, 0x00000000e0580000)
  object space 69120K, 21% used [0x00000000a1000000,0x00000000a1e44f40,0x00000000a5380000)
 Metaspace       used 39126K, capacity 41078K, committed 41344K, reserved 1085440K
  class space    used 5365K, capacity 5744K, committed 5760K, reserved 1048576K
Event: 17.689 GC heap after
Heap after GC invocations=17 (full 2):
 PSYoungGen      total 118272K, used 6126K [0x00000000e0580000, 0x00000000ea080000, 0x0000000100000000)
  eden space 112128K, 0% used [0x00000000e0580000,0x00000000e0580000,0x00000000e7300000)
  from space 6144K, 99% used [0x00000000e7300000,0x00000000e78fb900,0x00000000e7900000)
  to   space 7168K, 0% used [0x00000000e9980000,0x00000000e9980000,0x00000000ea080000)
 ParOldGen       total 69120K, used 16336K [0x00000000a1000000, 0x00000000a5380000, 0x00000000e0580000)
  object space 69120K, 23% used [0x00000000a1000000,0x00000000a1ff4310,0x00000000a5380000)
 Metaspace       used 39126K, capacity 41078K, committed 41344K, reserved 1085440K
  class space    used 5365K, capacity 5744K, committed 5760K, reserved 1048576K
}
Event: 19.703 GC heap before
{Heap before GC invocations=18 (full 2):
 PSYoungGen      total 118272K, used 118254K [0x00000000e0580000, 0x00000000ea080000, 0x0000000100000000)
  eden space 112128K, 100% used [0x00000000e0580000,0x00000000e7300000,0x00000000e7300000)
  from space 6144K, 99% used [0x00000000e7300000,0x00000000e78fb900,0x00000000e7900000)
  to   space 7168K, 0% used [0x00000000e9980000,0x00000000e9980000,0x00000000ea080000)
 ParOldGen       total 69120K, used 16336K [0x00000000a1000000, 0x00000000a5380000, 0x00000000e0580000)
  object space 69120K, 23% used [0x00000000a1000000,0x00000000a1ff4310,0x00000000a5380000)
 Metaspace       used 41944K, capacity 44264K, committed 44416K, reserved 1087488K
  class space    used 5802K, capacity 6207K, committed 6272K, reserved 1048576K
Event: 19.715 GC heap after
Heap after GC invocations=18 (full 2):
 PSYoungGen      total 148480K, used 4647K [0x00000000e0580000, 0x00000000e9f00000, 0x0000000100000000)
  eden space 142848K, 0% used [0x00000000e0580000,0x00000000e0580000,0x00000000e9100000)
  from space 5632K, 82% used [0x00000000e9980000,0x00000000e9e09eb0,0x00000000e9f00000)
  to   space 7168K, 0% used [0x00000000e9100000,0x00000000e9100000,0x00000000e9800000)
 ParOldGen       total 69120K, used 19264K [0x00000000a1000000, 0x00000000a5380000, 0x00000000e0580000)
  object space 69120K, 27% used [0x00000000a1000000,0x00000000a22d0320,0x00000000a5380000)
 Metaspace       used 41944K, capacity 44264K, committed 44416K, reserved 1087488K
  class space    used 5802K, capacity 6207K, committed 6272K, reserved 1048576K
}

Deoptimization events (10 events):
Event: 20.946 Thread 0x0000000002934000 Uncommon trap: reason=class_check action=maybe_recompile pc=0x0000000003100c20 method=java.util.zip.InflaterInputStream.read([BII)I @ 100
Event: 20.947 Thread 0x0000000002934000 Uncommon trap: reason=class_check action=maybe_recompile pc=0x0000000003100c20 method=java.util.zip.InflaterInputStream.read([BII)I @ 100
Event: 20.949 Thread 0x0000000002934000 Uncommon trap: reason=class_check action=maybe_recompile pc=0x0000000003100c20 method=java.util.zip.InflaterInputStream.read([BII)I @ 100
Event: 20.949 Thread 0x0000000002934000 Uncommon trap: reason=class_check action=maybe_recompile pc=0x0000000003100c20 method=java.util.zip.InflaterInputStream.read([BII)I @ 100
Event: 21.016 Thread 0x0000000002934000 Uncommon trap: reason=unstable_if action=reinterpret pc=0x0000000002f34080 method=sun.nio.cs.UTF_8$Decoder.decode([BII[C)I @ 30
Event: 21.138 Thread 0x0000000002934000 Uncommon trap: reason=unstable_if action=reinterpret pc=0x0000000002e8fab8 method=java.util.jar.Attributes$Name.isAlpha(C)Z @ 21
Event: 21.138 Thread 0x0000000002934000 Uncommon trap: reason=unstable_if action=reinterpret pc=0x00000000034adb14 method=java.util.jar.Attributes$Name.isAlpha(C)Z @ 21
Event: 21.192 Thread 0x0000000002934000 Uncommon trap: reason=unstable_if action=reinterpret pc=0x0000000002f91364 method=java.lang.StringCoding.decode(Ljava/lang/String;[BII)[C @ 38
Event: 21.380 Thread 0x0000000002934000 Uncommon trap: reason=unstable_if action=reinterpret pc=0x0000000002fbb4dc method=java.lang.String.lastIndexOf([CII[CIII)I @ 118
Event: 21.395 Thread 0x0000000002934000 Uncommon trap: reason=unstable_if action=reinterpret pc=0x000000000348b1b8 method=java.lang.StringCoding.decode(Ljava/lang/String;[BII)[C @ 38

Internal exceptions (10 events):
Event: 21.560 Thread 0x0000000002934000 Exception <a 'java/lang/ClassNotFoundException': javax/servlet/FilterCustomizer> (0x00000000e697a698) thrown at [C:\re\workspace\8-2-build-windows-amd64-cygwin\jdk8u144\9417\hotspot\src\share\vm\classfile\systemDictionary.cpp, line 210]
Event: 21.563 Thread 0x0000000002934000 Exception <a 'java/lang/ClassNotFoundException': org/springframework/beans/factory/BeanNameAwareCustomizer> (0x00000000e69b5688) thrown at [C:\re\workspace\8-2-build-windows-amd64-cygwin\jdk8u144\9417\hotspot\src\share\vm\classfile\systemDictionary.cpp, l
Event: 21.566 Thread 0x0000000002934000 Exception <a 'java/lang/ClassNotFoundException': org/springframework/beans/factory/AwareCustomizer> (0x00000000e69eb270) thrown at [C:\re\workspace\8-2-build-windows-amd64-cygwin\jdk8u144\9417\hotspot\src\share\vm\classfile\systemDictionary.cpp, line 210]
Event: 21.569 Thread 0x0000000002934000 Exception <a 'java/lang/ClassNotFoundException': org/springframework/context/EnvironmentAwareCustomizer> (0x00000000e6a23158) thrown at [C:\re\workspace\8-2-build-windows-amd64-cygwin\jdk8u144\9417\hotspot\src\share\vm\classfile\systemDictionary.cpp, line
Event: 21.572 Thread 0x0000000002934000 Exception <a 'java/lang/ClassNotFoundException': org/springframework/beans/factory/AwareCustomizer> (0x00000000e6a58d10) thrown at [C:\re\workspace\8-2-build-windows-amd64-cygwin\jdk8u144\9417\hotspot\src\share\vm\classfile\systemDictionary.cpp, line 210]
Event: 21.574 Thread 0x0000000002934000 Exception <a 'java/lang/ClassNotFoundException': org/springframework/core/env/EnvironmentCapableCustomizer> (0x00000000e6a92798) thrown at [C:\re\workspace\8-2-build-windows-amd64-cygwin\jdk8u144\9417\hotspot\src\share\vm\classfile\systemDictionary.cpp, l
Event: 21.577 Thread 0x0000000002934000 Exception <a 'java/lang/ClassNotFoundException': org/springframework/web/context/ServletContextAwareCustomizer> (0x00000000e6ad09e0) thrown at [C:\re\workspace\8-2-build-windows-amd64-cygwin\jdk8u144\9417\hotspot\src\share\vm\classfile\systemDictionary.cp
Event: 21.580 Thread 0x0000000002934000 Exception <a 'java/lang/ClassNotFoundException': org/springframework/beans/factory/AwareCustomizer> (0x00000000e6b06658) thrown at [C:\re\workspace\8-2-build-windows-amd64-cygwin\jdk8u144\9417\hotspot\src\share\vm\classfile\systemDictionary.cpp, line 210]
Event: 21.583 Thread 0x0000000002934000 Exception <a 'java/lang/ClassNotFoundException': org/springframework/beans/factory/InitializingBeanCustomizer> (0x00000000e6b428c8) thrown at [C:\re\workspace\8-2-build-windows-amd64-cygwin\jdk8u144\9417\hotspot\src\share\vm\classfile\systemDictionary.cpp
Event: 21.586 Thread 0x0000000002934000 Exception <a 'java/lang/ClassNotFoundException': org/springframework/beans/factory/DisposableBeanCustomizer> (0x00000000e6b7cd90) thrown at [C:\re\workspace\8-2-build-windows-amd64-cygwin\jdk8u144\9417\hotspot\src\share\vm\classfile\systemDictionary.cpp, 

Events (10 events):
Event: 21.589 loading class java/util/Collections$EmptyEnumeration
Event: 21.590 loading class java/util/Collections$EmptyEnumeration done
Event: 21.590 loading class org/apache/catalina/loader/WebappClassLoaderBase$CombinedEnumeration
Event: 21.590 loading class org/apache/catalina/loader/WebappClassLoaderBase$CombinedEnumeration done
Event: 21.598 loading class com/fasterxml/jackson/datatype/joda/JodaModule
Event: 21.598 loading class com/fasterxml/jackson/datatype/joda/JodaModule done
Event: 21.627 loading class com/fasterxml/jackson/datatype/joda$JodaModule
Event: 21.627 loading class com/fasterxml/jackson/datatype/joda$JodaModule done
Event: 21.635 loading class com/fasterxml/jackson/datatype/joda/JodaModule
Event: 21.635 loading class com/fasterxml/jackson/datatype/joda/JodaModule done


Dynamic libraries:
0x00007ff7f3010000 - 0x00007ff7f3047000 	C:\Program Files\Java\jdk1.8.0_144\bin\java.exe
0x00007ffb9c9f0000 - 0x00007ffb9cbe5000 	C:\Windows\SYSTEM32\ntdll.dll
0x00007ffb9bbd0000 - 0x00007ffb9bc8e000 	C:\Windows\System32\KERNEL32.DLL
0x00007ffb9a6a0000 - 0x00007ffb9a968000 	C:\Windows\System32\KERNELBASE.dll
0x00007ffb9b980000 - 0x00007ffb9ba2e000 	C:\Windows\System32\ADVAPI32.dll
0x00007ffb9bc90000 - 0x00007ffb9bd2e000 	C:\Windows\System32\msvcrt.dll
0x00007ffb9b8d0000 - 0x00007ffb9b96c000 	C:\Windows\System32\sechost.dll
0x00007ffb9c230000 - 0x00007ffb9c355000 	C:\Windows\System32\RPCRT4.dll
0x00007ffb9aa80000 - 0x00007ffb9ac20000 	C:\Windows\System32\USER32.dll
0x00007ffb9a460000 - 0x00007ffb9a482000 	C:\Windows\System32\win32u.dll
0x00007ffb9aa50000 - 0x00007ffb9aa7b000 	C:\Windows\System32\GDI32.dll
0x00007ffb9a590000 - 0x00007ffb9a69b000 	C:\Windows\System32\gdi32full.dll
0x00007ffb9a110000 - 0x00007ffb9a1ad000 	C:\Windows\System32\msvcp_win.dll
0x00007ffb9a490000 - 0x00007ffb9a590000 	C:\Windows\System32\ucrtbase.dll
0x00007ffb82ed0000 - 0x00007ffb8316a000 	C:\Windows\WinSxS\amd64_microsoft.windows.common-controls_6595b64144ccf1df_6.0.19041.1110_none_60b5254171f9507e\COMCTL32.dll
0x00007ffb9c440000 - 0x00007ffb9c470000 	C:\Windows\System32\IMM32.DLL
0x0000000053510000 - 0x00000000535e2000 	C:\Program Files\Java\jdk1.8.0_144\jre\bin\msvcr100.dll
0x0000000052c70000 - 0x000000005350d000 	C:\Program Files\Java\jdk1.8.0_144\jre\bin\server\jvm.dll
0x00007ffb9ae70000 - 0x00007ffb9ae78000 	C:\Windows\System32\PSAPI.DLL
0x00007ffb82080000 - 0x00007ffb82089000 	C:\Windows\SYSTEM32\WSOCK32.dll
0x00007ffb8fbf0000 - 0x00007ffb8fc17000 	C:\Windows\SYSTEM32\WINMM.dll
0x00007ffb9ba30000 - 0x00007ffb9ba9b000 	C:\Windows\System32\WS2_32.dll
0x00007ffb92a10000 - 0x00007ffb92a1a000 	C:\Windows\SYSTEM32\VERSION.dll
0x0000000052c60000 - 0x0000000052c6f000 	C:\Program Files\Java\jdk1.8.0_144\jre\bin\verify.dll
0x0000000052c30000 - 0x0000000052c59000 	C:\Program Files\Java\jdk1.8.0_144\jre\bin\java.dll
0x0000000053d90000 - 0x0000000053db3000 	C:\Program Files\Java\jdk1.8.0_144\jre\bin\instrument.dll
0x0000000052c10000 - 0x0000000052c26000 	C:\Program Files\Java\jdk1.8.0_144\jre\bin\zip.dll
0x00007ffb9ae80000 - 0x00007ffb9b5c4000 	C:\Windows\System32\SHELL32.dll
0x00007ffb981e0000 - 0x00007ffb98974000 	C:\Windows\SYSTEM32\windows.storage.dll
0x00007ffb9be10000 - 0x00007ffb9c164000 	C:\Windows\System32\combase.dll
0x00007ffb999c0000 - 0x00007ffb999ec000 	C:\Windows\SYSTEM32\Wldp.dll
0x00007ffb9c900000 - 0x00007ffb9c9ad000 	C:\Windows\System32\SHCORE.dll
0x00007ffb9c1d0000 - 0x00007ffb9c225000 	C:\Windows\System32\shlwapi.dll
0x00007ffb9a050000 - 0x00007ffb9a06f000 	C:\Windows\SYSTEM32\profapi.dll
0x00007ffb83590000 - 0x00007ffb835aa000 	C:\Program Files\JetBrains\IntelliJ IDEA 2021.3\bin\breakgen64.dll
0x0000000052bf0000 - 0x0000000052c0a000 	C:\Program Files\Java\jdk1.8.0_144\jre\bin\net.dll
0x00007ffb997a0000 - 0x00007ffb9980a000 	C:\Windows\system32\mswsock.dll
0x00007ffb994b0000 - 0x00007ffb994eb000 	C:\Windows\SYSTEM32\IPHLPAPI.DLL
0x00007ffb9b970000 - 0x00007ffb9b978000 	C:\Windows\System32\NSI.dll
0x00007ffb903b0000 - 0x00007ffb903c7000 	C:\Windows\SYSTEM32\dhcpcsvc6.DLL
0x00007ffb901f0000 - 0x00007ffb9020d000 	C:\Windows\SYSTEM32\dhcpcsvc.DLL
0x00007ffb994f0000 - 0x00007ffb995ba000 	C:\Windows\SYSTEM32\DNSAPI.dll
0x00007ffb8a330000 - 0x00007ffb8a33a000 	C:\Windows\System32\rasadhlp.dll
0x00007ffb8a3e0000 - 0x00007ffb8a45f000 	C:\Windows\System32\fwpuclnt.dll
0x00007ffb9a970000 - 0x00007ffb9a997000 	C:\Windows\System32\bcrypt.dll
0x0000000052bc0000 - 0x0000000052bcd000 	C:\Program Files\Java\jdk1.8.0_144\jre\bin\management.dll
0x00007ffb7e840000 - 0x00007ffb7e857000 	C:\Windows\system32\napinsp.dll
0x00007ffb7e820000 - 0x00007ffb7e83b000 	C:\Windows\system32\pnrpnsp.dll
0x00007ffb7e800000 - 0x00007ffb7e815000 	C:\Windows\system32\wshbth.dll
0x00007ffb95af0000 - 0x00007ffb95b0d000 	C:\Windows\system32\NLAapi.dll
0x00007ffb7e680000 - 0x00007ffb7e692000 	C:\Windows\System32\winrnr.dll
0x0000000052bd0000 - 0x0000000052be1000 	C:\Program Files\Java\jdk1.8.0_144\jre\bin\nio.dll
0x00007ffb99a00000 - 0x00007ffb99a18000 	C:\Windows\SYSTEM32\CRYPTSP.dll
0x00007ffb99140000 - 0x00007ffb99174000 	C:\Windows\system32\rsaenh.dll
0x00007ffb9a010000 - 0x00007ffb9a03e000 	C:\Windows\SYSTEM32\USERENV.dll
0x00007ffb9a1b0000 - 0x00007ffb9a232000 	C:\Windows\System32\bcryptprimitives.dll
0x00007ffb99930000 - 0x00007ffb9993c000 	C:\Windows\SYSTEM32\CRYPTBASE.dll

VM Arguments:
jvm_args: -ea -Didea.test.cyclic.buffer.size=1048576 -javaagent:C:\Program Files\JetBrains\IntelliJ IDEA 2021.3\lib\idea_rt.jar=59216:C:\Program Files\JetBrains\IntelliJ IDEA 2021.3\bin -Dfile.encoding=UTF-8 
java_command: com.intellij.rt.junit.JUnitStarter -ideVersion5 -junit5 ReleveBancaireControllerImplTest
java_class_path (initial): C:\Users\Nuklearka\.m2\repository\org\junit\platform\junit-platform-launcher\1.3.2\junit-platform-launcher-1.3.2.jar;C:\Users\Nuklearka\.m2\repository\org\junit\vintage\junit-vintage-engine\5.3.2\junit-vintage-engine-5.3.2.jar;C:\Program Files\JetBrains\IntelliJ IDEA 2021.3\lib\idea_rt.jar;C:\Program Files\JetBrains\IntelliJ IDEA 2021.3\plugins\junit\lib\junit5-rt.jar;C:\Program Files\JetBrains\IntelliJ IDEA 2021.3\plugins\junit\lib\junit-rt.jar;C:\Program Files\Java\jdk1.8.0_144\jre\lib\charsets.jar;C:\Program Files\Java\jdk1.8.0_144\jre\lib\deploy.jar;C:\Program Files\Java\jdk1.8.0_144\jre\lib\ext\access-bridge-64.jar;C:\Program Files\Java\jdk1.8.0_144\jre\lib\ext\cldrdata.jar;C:\Program Files\Java\jdk1.8.0_144\jre\lib\ext\dnsns.jar;C:\Program Files\Java\jdk1.8.0_144\jre\lib\ext\jaccess.jar;C:\Program Files\Java\jdk1.8.0_144\jre\lib\ext\jfxrt.jar;C:\Program Files\Java\jdk1.8.0_144\jre\lib\ext\localedata.jar;C:\Program Files\Java\jdk1.8.0_144\jre\lib\ext\nashorn.jar;C:\Program Files\Java\jdk1.8.0_144\jre\lib\ext\sunec.jar;C:\Program Files\Java\jdk1.8.0_144\jre\lib\ext\sunjce_provider.jar;C:\Program Files\Java\jdk1.8.0_144\jre\lib\ext\sunmscapi.jar;C:\Program Files\Java\jdk1.8.0_144\jre\lib\ext\sunpkcs11.jar;C:\Program Files\Java\jdk1.8.0_144\jre\lib\ext\zipfs.jar;C:\Program Files\Java\jdk1.8.0_144\jre\lib\javaws.jar;C:\Program Files\Java\jdk1.8.0_144\jre\lib\jce.jar;C:\Program Files\Java\jdk1.8.0_144\jre\lib\jfr.jar;C:\Program Files\Java\jdk1.8.0_144\jre\lib\jfxswt.jar;C:\Program Files\Java\jdk1.8.0_144\jre\lib\jsse.jar;C:\Program Files\Java\jdk1.8.0_144\jre\lib\management-agent.jar;C:\Program Files\Java\jdk1.8.0_144\jre\lib\plugin.jar;C:\Program Files\Java\jdk1.8.0_144\jre\lib\resources.jar;C:\Program Files\Java\jdk1.8.0_144\jre\lib\rt.jar;C:\Users\Nuklearka\Desktop\relevebancaire\bootloader\target\test-classes;C:\Users\Nuklearka\Desktop\relevebancaire\bootloader\target\classes;C:\Users\Nuklearka\.m2\repository\org\springframework\boot
Launcher Type: SUN_STANDARD

Environment Variables:
JAVA_HOME=C:\Program Files\Java\jdk1.8.0_144
CLASSPATH=C:\Program Files\Java\jdk1.8.0_144\lib
PATH=C:\Program Files\Common Files\Oracle\Java\javapath;C:\ProgramData\Oracle\Java\javapath;C:\Windows\system32;C:\Windows;C:\Windows\System32\Wbem;C:\Windows\System32\WindowsPowerShell\v1.0\;C:\Windows\System32\OpenSSH\;C:\Program Files\nodejs\;C:\Program Files\Docker\Docker\resources\bin;C:\ProgramData\DockerDesktop\version-bin;C:\Program Files\Git\cmd;C:\Program Files\Java\jdk1.8.0_144\bin;C:\opt\apache-maven-3.8.4\bin;C:\Program Files\Java\jdk1.8.0_144\bin;C:\Program Files\JetBrains\IntelliJ IDEA 2021.3\bin;C:\Program Files\Java\jdk1.8.0_144\bin
USERNAME=Nuklearka
OS=Windows_NT
PROCESSOR_IDENTIFIER=AMD64 Family 23 Model 24 Stepping 1, AuthenticAMD



---------------  S Y S T E M  ---------------

OS: Windows 10.0 , 64 bit Build 19041 (10.0.19041.1566)

CPU:total 4 (initial active 4) (4 cores per cpu, 1 threads per core) family 23 model 24 stepping 1, cmov, cx8, fxsr, mmx, sse, sse2, sse3, ssse3, sse4.1, sse4.2, popcnt, avx, avx2, aes, clmul, mmxext, 3dnowpref, lzcnt, sse4a, tsc, tscinvbit, tscinv, bmi1

Memory: 4k page, physical 6223180k(392788k free), swap 25097548k(5320k free)

vm_info: Java HotSpot(TM) 64-Bit Server VM (25.144-b01) for windows-amd64 JRE (1.8.0_144-b01), built on Jul 21 2017 21:57:33 by "java_re" with MS VC++ 10.0 (VS2010)

time: Thu Mar 24 20:08:15 2022
elapsed time: 21 seconds (0d 0h 0m 21s)

